app/build/intermediates/manifest_merge_blame_file/debug/manifest-merger-blame-debug-report.txt
1<?xml version="1.0" encoding="utf-8"?>
2<manifest xmlns:android="http://schemas.android.com/apk/res/android"
3    package="com.plcoding.composegooglesignincleanarchitecture"
4    android:versionCode="1"
5    android:versionName="1.0" >
6
7    <uses-sdk
8        android:minSdkVersion="24"
8-->src\main\AndroidManifest.xml
9        android:targetSdkVersion="33" />
9-->src\main\AndroidManifest.xml
10
11    <uses-permission android:name="android.permission.ACTIVITY_RECOGNITION" />
11-->src\main\AndroidManifest.xml:5:5-78
11-->src\main\AndroidManifest.xml:5:22-76
12    <uses-permission android:name="android.permission.FOREGROUND_SERVICE" />
12-->src\main\AndroidManifest.xml:6:5-76
12-->src\main\AndroidManifest.xml:6:22-74
13    <uses-permission android:name="android.permission.POST_NOTIFICATIONS" />
13-->src\main\AndroidManifest.xml:7:5-76
13-->src\main\AndroidManifest.xml:7:22-74
14    <uses-permission android:name="android.permission.INTERNET" />
14-->[com.google.firebase:firebase-auth:21.1.0] AndroidManifest.xml:23:5-67
14-->[com.google.firebase:firebase-auth:21.1.0] AndroidManifest.xml:23:22-64
15    <uses-permission android:name="android.permission.ACCESS_NETWORK_STATE" />
15-->[com.google.firebase:firebase-auth:21.1.0] AndroidManifest.xml:24:5-79
15-->[com.google.firebase:firebase-auth:21.1.0] AndroidManifest.xml:24:22-76
16
17    <permission
17-->[androidx.core:core:1.9.0] AndroidManifest.xml:22:5-24:47
18        android:name="com.plcoding.composegooglesignincleanarchitecture.DYNAMIC_RECEIVER_NOT_EXPORTED_PERMISSION"
18-->[androidx.core:core:1.9.0] AndroidManifest.xml:23:9-81
19        android:protectionLevel="signature" />
19-->[androidx.core:core:1.9.0] AndroidManifest.xml:24:9-44
20
21    <uses-permission android:name="com.plcoding.composegooglesignincleanarchitecture.DYNAMIC_RECEIVER_NOT_EXPORTED_PERMISSION" />
21-->[androidx.core:core:1.9.0] AndroidManifest.xml:26:5-97
21-->[androidx.core:core:1.9.0] AndroidManifest.xml:26:22-94
22
23    <application
23-->src\main\AndroidManifest.xml:10:5-34:19
24        android:name="com.plcoding.composegooglesignincleanarchitecture.HealthTrackApp"
24-->src\main\AndroidManifest.xml:11:9-39
25        android:allowBackup="true"
25-->src\main\AndroidManifest.xml:12:9-35
26        android:appComponentFactory="androidx.core.app.CoreComponentFactory"
26-->[androidx.core:core:1.9.0] AndroidManifest.xml:28:18-86
27        android:dataExtractionRules="@xml/data_extraction_rules"
27-->src\main\AndroidManifest.xml:13:9-65
28        android:debuggable="true"
29        android:extractNativeLibs="false"
30        android:fullBackupContent="@xml/backup_rules"
30-->src\main\AndroidManifest.xml:14:9-54
31        android:icon="@mipmap/ic_launcher"
31-->src\main\AndroidManifest.xml:15:9-43
32        android:label="@string/app_name"
32-->src\main\AndroidManifest.xml:16:9-41
33        android:supportsRtl="true"
33-->src\main\AndroidManifest.xml:17:9-35
34        android:testOnly="true"
35        android:theme="@style/Theme.ComposeGoogleSignInCleanArchitecture" >
35-->src\main\AndroidManifest.xml:18:9-74
36        <activity
36-->src\main\AndroidManifest.xml:20:9-30:20
37            android:name="com.plcoding.composegooglesignincleanarchitecture.MainActivity"
37-->src\main\AndroidManifest.xml:21:13-41
38            android:exported="true"
38-->src\main\AndroidManifest.xml:22:13-36
39            android:label="@string/app_name"
39-->src\main\AndroidManifest.xml:23:13-45
40            android:theme="@style/Theme.ComposeGoogleSignInCleanArchitecture" >
40-->src\main\AndroidManifest.xml:24:13-78
41            <intent-filter>
41-->src\main\AndroidManifest.xml:25:13-29:29
42                <action android:name="android.intent.action.MAIN" />
42-->src\main\AndroidManifest.xml:26:17-69
42-->src\main\AndroidManifest.xml:26:25-66
43
44                <category android:name="android.intent.category.LAUNCHER" />
44-->src\main\AndroidManifest.xml:28:17-77
44-->src\main\AndroidManifest.xml:28:27-74
45            </intent-filter>
46        </activity>
47
48        <service
48-->src\main\AndroidManifest.xml:31:9-33:19
49            android:name="com.plcoding.composegooglesignincleanarchitecture.services.BackgroundServices"
49-->src\main\AndroidManifest.xml:32:13-56
50            android:foregroundServiceType="dataSync" >
50-->src\main\AndroidManifest.xml:32:57-97
51        </service>
52        <service
52-->[com.google.firebase:firebase-database-ktx:20.3.0] AndroidManifest.xml:9:9-15:19
53            android:name="com.google.firebase.components.ComponentDiscoveryService"
53-->[com.google.firebase:firebase-database-ktx:20.3.0] AndroidManifest.xml:10:13-84
54            android:directBootAware="true"
54-->[com.google.firebase:firebase-common:20.4.2] AndroidManifest.xml:32:13-43
55            android:exported="false" >
55-->[com.google.firebase:firebase-database-ktx:20.3.0] AndroidManifest.xml:11:13-37
56            <meta-data
56-->[com.google.firebase:firebase-database-ktx:20.3.0] AndroidManifest.xml:12:13-14:85
57                android:name="com.google.firebase.components:com.google.firebase.database.ktx.FirebaseDatabaseLegacyRegistrar"
57-->[com.google.firebase:firebase-database-ktx:20.3.0] AndroidManifest.xml:13:17-127
58                android:value="com.google.firebase.components.ComponentRegistrar" />
58-->[com.google.firebase:firebase-database-ktx:20.3.0] AndroidManifest.xml:14:17-82
59            <meta-data
59-->[com.google.firebase:firebase-auth-ktx:21.1.0] AndroidManifest.xml:11:13-13:85
60                android:name="com.google.firebase.components:com.google.firebase.auth.ktx.FirebaseAuthKtxRegistrar"
60-->[com.google.firebase:firebase-auth-ktx:21.1.0] AndroidManifest.xml:12:17-116
61                android:value="com.google.firebase.components.ComponentRegistrar" />
61-->[com.google.firebase:firebase-auth-ktx:21.1.0] AndroidManifest.xml:13:17-82
62            <meta-data
62-->[com.google.firebase:firebase-auth:21.1.0] AndroidManifest.xml:67:13-69:85
63                android:name="com.google.firebase.components:com.google.firebase.auth.FirebaseAuthRegistrar"
63-->[com.google.firebase:firebase-auth:21.1.0] AndroidManifest.xml:68:17-109
64                android:value="com.google.firebase.components.ComponentRegistrar" />
64-->[com.google.firebase:firebase-auth:21.1.0] AndroidManifest.xml:69:17-82
65            <meta-data
65-->[com.google.firebase:firebase-database:20.3.0] AndroidManifest.xml:29:13-31:85
66                android:name="com.google.firebase.components:com.google.firebase.database.FirebaseDatabaseKtxRegistrar"
66-->[com.google.firebase:firebase-database:20.3.0] AndroidManifest.xml:30:17-120
67                android:value="com.google.firebase.components.ComponentRegistrar" />
67-->[com.google.firebase:firebase-database:20.3.0] AndroidManifest.xml:31:17-82
68            <meta-data
68-->[com.google.firebase:firebase-database:20.3.0] AndroidManifest.xml:32:13-34:85
69                android:name="com.google.firebase.components:com.google.firebase.database.DatabaseRegistrar"
69-->[com.google.firebase:firebase-database:20.3.0] AndroidManifest.xml:33:17-109
70                android:value="com.google.firebase.components.ComponentRegistrar" />
70-->[com.google.firebase:firebase-database:20.3.0] AndroidManifest.xml:34:17-82
71            <meta-data
71-->[com.google.firebase:firebase-common-ktx:20.4.2] AndroidManifest.xml:12:13-14:85
72                android:name="com.google.firebase.components:com.google.firebase.ktx.FirebaseCommonLegacyRegistrar"
72-->[com.google.firebase:firebase-common-ktx:20.4.2] AndroidManifest.xml:13:17-116
73                android:value="com.google.firebase.components.ComponentRegistrar" />
73-->[com.google.firebase:firebase-common-ktx:20.4.2] AndroidManifest.xml:14:17-82
74            <meta-data
74-->[com.google.firebase:firebase-common:20.4.2] AndroidManifest.xml:35:13-37:85
75                android:name="com.google.firebase.components:com.google.firebase.FirebaseCommonKtxRegistrar"
75-->[com.google.firebase:firebase-common:20.4.2] AndroidManifest.xml:36:17-109
76                android:value="com.google.firebase.components.ComponentRegistrar" />
76-->[com.google.firebase:firebase-common:20.4.2] AndroidManifest.xml:37:17-82
77        </service>
78
79        <activity
79-->[androidx.compose.ui:ui-test-manifest:1.4.0] AndroidManifest.xml:23:9-25:39
80            android:name="androidx.activity.ComponentActivity"
80-->[androidx.compose.ui:ui-test-manifest:1.4.0] AndroidManifest.xml:24:13-63
81            android:exported="true" />
81-->[androidx.compose.ui:ui-test-manifest:1.4.0] AndroidManifest.xml:25:13-36
82        <activity
82-->[androidx.compose.ui:ui-tooling:1.4.0] AndroidManifest.xml:23:9-25:39
83            android:name="androidx.compose.ui.tooling.PreviewActivity"
83-->[androidx.compose.ui:ui-tooling:1.4.0] AndroidManifest.xml:24:13-71
84            android:exported="true" />
84-->[androidx.compose.ui:ui-tooling:1.4.0] AndroidManifest.xml:25:13-36
85        <activity
85-->[com.google.android.gms:play-services-auth:20.4.1] AndroidManifest.xml:23:9-27:75
86            android:name="com.google.android.gms.auth.api.signin.internal.SignInHubActivity"
86-->[com.google.android.gms:play-services-auth:20.4.1] AndroidManifest.xml:24:13-93
87            android:excludeFromRecents="true"
87-->[com.google.android.gms:play-services-auth:20.4.1] AndroidManifest.xml:25:13-46
88            android:exported="false"
88-->[com.google.android.gms:play-services-auth:20.4.1] AndroidManifest.xml:26:13-37
89            android:theme="@android:style/Theme.Translucent.NoTitleBar" />
89-->[com.google.android.gms:play-services-auth:20.4.1] AndroidManifest.xml:27:13-72
90        <!--
91            Service handling Google Sign-In user revocation. For apps that do not integrate with
92            Google Sign-In, this service will never be started.
93        -->
94        <service
94-->[com.google.android.gms:play-services-auth:20.4.1] AndroidManifest.xml:33:9-37:51
95            android:name="com.google.android.gms.auth.api.signin.RevocationBoundService"
95-->[com.google.android.gms:play-services-auth:20.4.1] AndroidManifest.xml:34:13-89
96            android:exported="true"
96-->[com.google.android.gms:play-services-auth:20.4.1] AndroidManifest.xml:35:13-36
97            android:permission="com.google.android.gms.auth.api.signin.permission.REVOCATION_NOTIFICATION"
97-->[com.google.android.gms:play-services-auth:20.4.1] AndroidManifest.xml:36:13-107
98            android:visibleToInstantApps="true" />
98-->[com.google.android.gms:play-services-auth:20.4.1] AndroidManifest.xml:37:13-48
99
100        <activity
100-->[com.google.firebase:firebase-auth:21.1.0] AndroidManifest.xml:27:9-44:20
101            android:name="com.google.firebase.auth.internal.GenericIdpActivity"
101-->[com.google.firebase:firebase-auth:21.1.0] AndroidManifest.xml:28:13-80
102            android:excludeFromRecents="true"
102-->[com.google.firebase:firebase-auth:21.1.0] AndroidManifest.xml:29:13-46
103            android:exported="true"
103-->[com.google.firebase:firebase-auth:21.1.0] AndroidManifest.xml:30:13-36
104            android:launchMode="singleTask"
104-->[com.google.firebase:firebase-auth:21.1.0] AndroidManifest.xml:31:13-44
105            android:theme="@android:style/Theme.Translucent.NoTitleBar" >
105-->[com.google.firebase:firebase-auth:21.1.0] AndroidManifest.xml:32:13-72
106            <intent-filter>
106-->[com.google.firebase:firebase-auth:21.1.0] AndroidManifest.xml:33:13-43:29
107                <action android:name="android.intent.action.VIEW" />
107-->[com.google.firebase:firebase-auth:21.1.0] AndroidManifest.xml:34:17-69
107-->[com.google.firebase:firebase-auth:21.1.0] AndroidManifest.xml:34:25-66
108
109                <category android:name="android.intent.category.DEFAULT" />
109-->[com.google.firebase:firebase-auth:21.1.0] AndroidManifest.xml:36:17-76
109-->[com.google.firebase:firebase-auth:21.1.0] AndroidManifest.xml:36:27-73
110                <category android:name="android.intent.category.BROWSABLE" />
110-->[com.google.firebase:firebase-auth:21.1.0] AndroidManifest.xml:37:17-78
110-->[com.google.firebase:firebase-auth:21.1.0] AndroidManifest.xml:37:27-75
111
112                <data
112-->[com.google.firebase:firebase-auth:21.1.0] AndroidManifest.xml:39:17-42:51
113                    android:host="firebase.auth"
113-->[com.google.firebase:firebase-auth:21.1.0] AndroidManifest.xml:40:21-49
114                    android:path="/"
114-->[com.google.firebase:firebase-auth:21.1.0] AndroidManifest.xml:41:21-37
115                    android:scheme="genericidp" />
115-->[com.google.firebase:firebase-auth:21.1.0] AndroidManifest.xml:42:21-48
116            </intent-filter>
117        </activity>
118        <activity
118-->[com.google.firebase:firebase-auth:21.1.0] AndroidManifest.xml:45:9-62:20
119            android:name="com.google.firebase.auth.internal.RecaptchaActivity"
119-->[com.google.firebase:firebase-auth:21.1.0] AndroidManifest.xml:46:13-79
120            android:excludeFromRecents="true"
120-->[com.google.firebase:firebase-auth:21.1.0] AndroidManifest.xml:47:13-46
121            android:exported="true"
121-->[com.google.firebase:firebase-auth:21.1.0] AndroidManifest.xml:48:13-36
122            android:launchMode="singleTask"
122-->[com.google.firebase:firebase-auth:21.1.0] AndroidManifest.xml:49:13-44
123            android:theme="@android:style/Theme.Translucent.NoTitleBar" >
123-->[com.google.firebase:firebase-auth:21.1.0] AndroidManifest.xml:50:13-72
124            <intent-filter>
124-->[com.google.firebase:firebase-auth:21.1.0] AndroidManifest.xml:51:13-61:29
125                <action android:name="android.intent.action.VIEW" />
125-->[com.google.firebase:firebase-auth:21.1.0] AndroidManifest.xml:34:17-69
125-->[com.google.firebase:firebase-auth:21.1.0] AndroidManifest.xml:34:25-66
126
127                <category android:name="android.intent.category.DEFAULT" />
127-->[com.google.firebase:firebase-auth:21.1.0] AndroidManifest.xml:36:17-76
127-->[com.google.firebase:firebase-auth:21.1.0] AndroidManifest.xml:36:27-73
128                <category android:name="android.intent.category.BROWSABLE" />
128-->[com.google.firebase:firebase-auth:21.1.0] AndroidManifest.xml:37:17-78
128-->[com.google.firebase:firebase-auth:21.1.0] AndroidManifest.xml:37:27-75
129
130                <data
130-->[com.google.firebase:firebase-auth:21.1.0] AndroidManifest.xml:39:17-42:51
131                    android:host="firebase.auth"
131-->[com.google.firebase:firebase-auth:21.1.0] AndroidManifest.xml:40:21-49
132                    android:path="/"
132-->[com.google.firebase:firebase-auth:21.1.0] AndroidManifest.xml:41:21-37
133                    android:scheme="recaptcha" />
133-->[com.google.firebase:firebase-auth:21.1.0] AndroidManifest.xml:42:21-48
134            </intent-filter>
135        </activity>
136
137        <meta-data
137-->[com.google.android.gms:play-services-fitness:21.0.0] AndroidManifest.xml:23:9-25:38
138            android:name="com.google.gms.fitness.sdk.version"
138-->[com.google.android.gms:play-services-fitness:21.0.0] AndroidManifest.xml:24:13-62
139            android:value="20.0.0" />
139-->[com.google.android.gms:play-services-fitness:21.0.0] AndroidManifest.xml:25:13-35
140
141        <provider
141-->[com.google.firebase:firebase-common:20.4.2] AndroidManifest.xml:23:9-28:39
142            android:name="com.google.firebase.provider.FirebaseInitProvider"
142-->[com.google.firebase:firebase-common:20.4.2] AndroidManifest.xml:24:13-77
143            android:authorities="com.plcoding.composegooglesignincleanarchitecture.firebaseinitprovider"
143-->[com.google.firebase:firebase-common:20.4.2] AndroidManifest.xml:25:13-72
144            android:directBootAware="true"
144-->[com.google.firebase:firebase-common:20.4.2] AndroidManifest.xml:26:13-43
145            android:exported="false"
145-->[com.google.firebase:firebase-common:20.4.2] AndroidManifest.xml:27:13-37
146            android:initOrder="100" />
146-->[com.google.firebase:firebase-common:20.4.2] AndroidManifest.xml:28:13-36
147        <provider
147-->[androidx.emoji2:emoji2:1.3.0] AndroidManifest.xml:24:9-32:20
148            android:name="androidx.startup.InitializationProvider"
148-->[androidx.emoji2:emoji2:1.3.0] AndroidManifest.xml:25:13-67
149            android:authorities="com.plcoding.composegooglesignincleanarchitecture.androidx-startup"
149-->[androidx.emoji2:emoji2:1.3.0] AndroidManifest.xml:26:13-68
150            android:exported="false" >
150-->[androidx.emoji2:emoji2:1.3.0] AndroidManifest.xml:27:13-37
151            <meta-data
151-->[androidx.emoji2:emoji2:1.3.0] AndroidManifest.xml:29:13-31:52
152                android:name="androidx.emoji2.text.EmojiCompatInitializer"
152-->[androidx.emoji2:emoji2:1.3.0] AndroidManifest.xml:30:17-75
153                android:value="androidx.startup" />
153-->[androidx.emoji2:emoji2:1.3.0] AndroidManifest.xml:31:17-49
154            <meta-data
154-->[androidx.lifecycle:lifecycle-process:2.6.1] AndroidManifest.xml:29:13-31:52
155                android:name="androidx.lifecycle.ProcessLifecycleInitializer"
155-->[androidx.lifecycle:lifecycle-process:2.6.1] AndroidManifest.xml:30:17-78
156                android:value="androidx.startup" />
156-->[androidx.lifecycle:lifecycle-process:2.6.1] AndroidManifest.xml:31:17-49
157            <meta-data
157-->[androidx.profileinstaller:profileinstaller:1.3.0] AndroidManifest.xml:29:13-31:52
158                android:name="androidx.profileinstaller.ProfileInstallerInitializer"
158-->[androidx.profileinstaller:profileinstaller:1.3.0] AndroidManifest.xml:30:17-85
159                android:value="androidx.startup" />
159-->[androidx.profileinstaller:profileinstaller:1.3.0] AndroidManifest.xml:31:17-49
160        </provider>
161
162        <activity
162-->[com.google.android.gms:play-services-base:18.1.0] AndroidManifest.xml:20:9-22:45
163            android:name="com.google.android.gms.common.api.GoogleApiActivity"
163-->[com.google.android.gms:play-services-base:18.1.0] AndroidManifest.xml:20:19-85
164            android:exported="false"
164-->[com.google.android.gms:play-services-base:18.1.0] AndroidManifest.xml:22:19-43
165            android:theme="@android:style/Theme.Translucent.NoTitleBar" />
165-->[com.google.android.gms:play-services-base:18.1.0] AndroidManifest.xml:21:19-78
166
167        <meta-data
167-->[com.google.android.gms:play-services-basement:18.1.0] AndroidManifest.xml:21:9-23:69
168            android:name="com.google.android.gms.version"
168-->[com.google.android.gms:play-services-basement:18.1.0] AndroidManifest.xml:22:13-58
169            android:value="@integer/google_play_services_version" />
169-->[com.google.android.gms:play-services-basement:18.1.0] AndroidManifest.xml:23:13-66
170
171        <receiver
171-->[androidx.profileinstaller:profileinstaller:1.3.0] AndroidManifest.xml:34:9-52:20
172            android:name="androidx.profileinstaller.ProfileInstallReceiver"
172-->[androidx.profileinstaller:profileinstaller:1.3.0] AndroidManifest.xml:35:13-76
173            android:directBootAware="false"
173-->[androidx.profileinstaller:profileinstaller:1.3.0] AndroidManifest.xml:36:13-44
174            android:enabled="true"
174-->[androidx.profileinstaller:profileinstaller:1.3.0] AndroidManifest.xml:37:13-35
175            android:exported="true"
175-->[androidx.profileinstaller:profileinstaller:1.3.0] AndroidManifest.xml:38:13-36
176            android:permission="android.permission.DUMP" >
176-->[androidx.profileinstaller:profileinstaller:1.3.0] AndroidManifest.xml:39:13-57
177            <intent-filter>
177-->[androidx.profileinstaller:profileinstaller:1.3.0] AndroidManifest.xml:40:13-42:29
178                <action android:name="androidx.profileinstaller.action.INSTALL_PROFILE" />
178-->[androidx.profileinstaller:profileinstaller:1.3.0] AndroidManifest.xml:41:17-91
178-->[androidx.profileinstaller:profileinstaller:1.3.0] AndroidManifest.xml:41:25-88
179            </intent-filter>
180            <intent-filter>
180-->[androidx.profileinstaller:profileinstaller:1.3.0] AndroidManifest.xml:43:13-45:29
181                <action android:name="androidx.profileinstaller.action.SKIP_FILE" />
181-->[androidx.profileinstaller:profileinstaller:1.3.0] AndroidManifest.xml:44:17-85
181-->[androidx.profileinstaller:profileinstaller:1.3.0] AndroidManifest.xml:44:25-82
182            </intent-filter>
183            <intent-filter>
183-->[androidx.profileinstaller:profileinstaller:1.3.0] AndroidManifest.xml:46:13-48:29
184                <action android:name="androidx.profileinstaller.action.SAVE_PROFILE" />
184-->[androidx.profileinstaller:profileinstaller:1.3.0] AndroidManifest.xml:47:17-88
184-->[androidx.profileinstaller:profileinstaller:1.3.0] AndroidManifest.xml:47:25-85
185            </intent-filter>
186            <intent-filter>
186-->[androidx.profileinstaller:profileinstaller:1.3.0] AndroidManifest.xml:49:13-51:29
187                <action android:name="androidx.profileinstaller.action.BENCHMARK_OPERATION" />
187-->[androidx.profileinstaller:profileinstaller:1.3.0] AndroidManifest.xml:50:17-95
187-->[androidx.profileinstaller:profileinstaller:1.3.0] AndroidManifest.xml:50:25-92
188            </intent-filter>
189        </receiver>
190    </application>
191
192</manifest>